Arguments: 
  C:\Program Files\nodejs\node.exe C:\Users\youss\AppData\Roaming\npm\node_modules\yarn\bin\yarn.js add --dev npm-run-all

PATH: 
  C:\Users\youss\AppData\Local\cloud-code\installer\google-cloud-sdk\bin;C:\Program Files\Common Files\Oracle\Java\javapath;C:\Program Files (x86)\Common Files\Oracle\Java\javapath;C:\Windows\system32;C:\Windows;C:\Windows\System32\Wbem;C:\Windows\System32\WindowsPowerShell\v1.0\;C:\Windows\System32\OpenSSH\;C:\Program Files\NVIDIA Corporation\NVIDIA NvDLISR;C:\Program Files\PuTTY\;C:\ProgramData\chocolatey\bin;C:\WINDOWS\system32;C:\WINDOWS;C:\WINDOWS\System32\Wbem;C:\WINDOWS\System32\WindowsPowerShell\v1.0\;C:\WINDOWS\System32\OpenSSH\;C:\Program Files (x86)\dotnet\;C:\Program Files\Git\cmd;C:\Program Files\nodejs\;C:\Program Files\Docker\Docker\resources\bin;C:\Users\youss\AppData\Local\Programs\Python\Python39\;C:\Users\youss\AppData\Local\Microsoft\WindowsApps;C:\Users\youss\AppData\Local\Programs\Microsoft VS Code\bin;C:\Program Files\MySQL\MySQL Server 5.7\bin;C:\tools\ghc-9.0.1-x86_64-unknown-mingw32\bin;C:\Users\youss\AppData\Roaming\TinyTeX\bin\win32;C:\msys64\mingw64\bin;C:\xampp\apache;C:\Users\youss\AppData\Local\GitHubDesktop\bin;C:\Program Files\Java\jdk-19\bin;C:\msys64\ucrt64\bin;C:\Users\youss\AppData\Local\Google\Cloud SDK\google-cloud-sdk\bin;C:\Program Files\php-8.1.22-Win32-vs16-x64;C:\Users\youss\AppData\Roaming\npm;C:\Program Files\IBM\Cloud\bin

Yarn version: 
  1.22.19

Node version: 
  18.17.1

Platform: 
  win32 x64

Trace: 
  Error: https://registry.yarnpkg.com/shared-library: Not found
      at params.callback [as _callback] (C:\Users\youss\AppData\Roaming\npm\node_modules\yarn\lib\cli.js:66145:18)
      at self.callback (C:\Users\youss\AppData\Roaming\npm\node_modules\yarn\lib\cli.js:140890:22)
      at Request.emit (node:events:514:28)
      at Request.<anonymous> (C:\Users\youss\AppData\Roaming\npm\node_modules\yarn\lib\cli.js:141862:10)
      at Request.emit (node:events:514:28)
      at IncomingMessage.<anonymous> (C:\Users\youss\AppData\Roaming\npm\node_modules\yarn\lib\cli.js:141784:12)
      at Object.onceWrapper (node:events:628:28)
      at IncomingMessage.emit (node:events:526:35)
      at endReadableNT (node:internal/streams/readable:1359:12)
      at process.processTicksAndRejections (node:internal/process/task_queues:82:21)

npm manifest: 
  {
    "name": "immerse",
    "private": true,
    "scripts": {
      "start": "npm-run-all --parallel start:frontend start:backend start:auth start:notif",
      "start:frontend": "cd frontend && yarn start",
      "start:backend": "cd backend && nodemon server.js",
      "start:auth": "cd backend/auth && nodemon authentication.js",
      "start:notif": "cd backend/routes && nodemon notifications.js"
    },
    "dependencies": {
      "shared-library": "^1.0.0"
    }
  }

yarn manifest: 
  No manifest

Lockfile: 
  # THIS IS AN AUTOGENERATED FILE. DO NOT EDIT THIS FILE DIRECTLY.
  # yarn lockfile v1
